  main.cpp
main.cpp(136): warning C4244: 'initializing': conversion from 'double' to 'int', possible loss of data
main.cpp(136): warning C4244: 'initializing': conversion from 'double' to 'const int', possible loss of data
main.cpp(139): warning C4244: '=': conversion from 'unsigned long' to 'float', possible loss of data
main.cpp(142): warning C4267: '=': conversion from 'size_t' to 'int', possible loss of data
main.cpp(185): warning C4267: '=': conversion from 'size_t' to 'int', possible loss of data
main.cpp(330): warning C4267: 'initializing': conversion from 'size_t' to 'int', possible loss of data
main.cpp(330): warning C4267: 'initializing': conversion from 'size_t' to 'const int', possible loss of data
main.cpp(401): warning C4267: 'initializing': conversion from 'size_t' to 'int', possible loss of data
main.cpp(401): warning C4267: 'initializing': conversion from 'size_t' to 'const int', possible loss of data
main.cpp(467): warning C4267: 'initializing': conversion from 'size_t' to 'int', possible loss of data
main.cpp(467): warning C4267: 'initializing': conversion from 'size_t' to 'const int', possible loss of data
main.cpp(519): warning C4244: 'initializing': conversion from 'float' to 'int', possible loss of data
main.cpp(519): warning C4244: 'initializing': conversion from 'float' to 'const int', possible loss of data
main.cpp(520): warning C4244: 'initializing': conversion from 'float' to 'int', possible loss of data
main.cpp(520): warning C4244: 'initializing': conversion from 'float' to 'const int', possible loss of data
  Generating code
  All 869 functions were compiled because no usable IPDB/IOBJ from previous compilation was found.
  Finished generating code
  yolo_mark.vcxproj -> C:\Users\ujung\Desktop\Yolo_mark-master\x64\Release\yolo_mark.exe
  yolo_mark.vcxproj -> C:\Users\ujung\Desktop\Yolo_mark-master\x64\Release\yolo_mark.pdb (Full PDB)
